<?xml version="1.0" encoding="UTF-8"?>
<testng-results ignored="0" total="1" passed="1" failed="0" skipped="0">
  <reporter-output>
  </reporter-output>
  <suite started-at="2022-01-03T12:48:43 ICT" name="TestLogin" finished-at="2022-01-03T12:48:43 ICT" duration-ms="43">
    <groups>
    </groups>
    <test started-at="2022-01-03T12:48:43 ICT" name="athenLoginPage" finished-at="2022-01-03T12:48:43 ICT" duration-ms="43">
      <class name="maintest.Test2">
        <test-method signature="tc()[pri:0, instance:maintest.Test2@6b8ca3c8]" started-at="2022-01-03T12:48:43 ICT" name="tc" finished-at="2022-01-03T12:48:43 ICT" duration-ms="6" status="PASS">
          <reporter-output>
          </reporter-output>
        </test-method> <!-- tc -->
      </class> <!-- maintest.Test2 -->
    </test> <!-- athenLoginPage -->
  </suite> <!-- TestLogin -->
</testng-results>
