<?xml version="1.0" encoding="UTF-8"?>
<testng-results skipped="0" failed="1" ignored="0" total="2" passed="1">
  <reporter-output>
  </reporter-output>
  <suite name="TestLogin" duration-ms="18852" started-at="2022-01-25T10:19:05 ICT" finished-at="2022-01-25T10:19:24 ICT">
    <groups>
    </groups>
    <test name="athenLoginPage" duration-ms="2448" started-at="2022-01-25T10:19:05 ICT" finished-at="2022-01-25T10:19:07 ICT">
      <class name="maintest.TestABC">
        <test-method status="PASS" signature="beforeTest(java.lang.String,java.lang.String)[pri:0, instance:maintest.TestABC@6d1310f6]" name="beforeTest" is-config="true" duration-ms="79" started-at="2022-01-25T10:19:05 ICT" finished-at="2022-01-25T10:19:05 ICT">
          <params>
            <param index="0">
              <value>
                <![CDATA[3200bad15ec4b55f]]>
              </value>
            </param>
            <param index="1">
              <value>
                <![CDATA[8300]]>
              </value>
            </param>
          </params>
          <reporter-output>
          </reporter-output>
        </test-method> <!-- beforeTest -->
        <test-method status="FAIL" signature="TC01_validLogin()[pri:0, instance:maintest.TestABC@6d1310f6]" name="TC01_validLogin" duration-ms="2083" started-at="2022-01-25T10:19:05 ICT" finished-at="2022-01-25T10:19:07 ICT">
          <exception class="java.lang.NullPointerException">
            <full-stacktrace>
              <![CDATA[java.lang.NullPointerException
at models.components.global.BottomNavComponent.clickLoginTab(BottomNavComponent.java:22)
at testflow.LoginFlow.login(LoginFlow.java:22)
at maintest.TestABC.TC01_validLogin(TestABC.java:28)
at sun.reflect.NativeMethodAccessorImpl.invoke0(Native Method)
at sun.reflect.NativeMethodAccessorImpl.invoke(NativeMethodAccessorImpl.java:62)
at sun.reflect.DelegatingMethodAccessorImpl.invoke(DelegatingMethodAccessorImpl.java:43)
at java.lang.reflect.Method.invoke(Method.java:498)
at org.testng.internal.MethodInvocationHelper.invokeMethod(MethodInvocationHelper.java:133)
at org.testng.internal.TestInvoker.invokeMethod(TestInvoker.java:598)
at org.testng.internal.TestInvoker.invokeTestMethod(TestInvoker.java:173)
at org.testng.internal.MethodRunner.runInSequence(MethodRunner.java:46)
at org.testng.internal.TestInvoker$MethodInvocationAgent.invoke(TestInvoker.java:824)
at org.testng.internal.TestInvoker.invokeTestMethods(TestInvoker.java:146)
at org.testng.internal.TestMethodWorker.invokeTestMethods(TestMethodWorker.java:146)
at org.testng.internal.TestMethodWorker.run(TestMethodWorker.java:128)
at java.util.ArrayList.forEach(ArrayList.java:1259)
at org.testng.TestRunner.privateRun(TestRunner.java:794)
at org.testng.TestRunner.run(TestRunner.java:596)
at org.testng.SuiteRunner.runTest(SuiteRunner.java:377)
at org.testng.SuiteRunner.access$000(SuiteRunner.java:28)
at org.testng.SuiteRunner$SuiteWorker.run(SuiteRunner.java:418)
at org.testng.internal.thread.ThreadUtil.lambda$execute$0(ThreadUtil.java:64)
at java.util.concurrent.FutureTask.run(FutureTask.java:266)
at java.util.concurrent.ThreadPoolExecutor.runWorker(ThreadPoolExecutor.java:1149)
at java.util.concurrent.ThreadPoolExecutor$Worker.run(ThreadPoolExecutor.java:624)
at java.lang.Thread.run(Thread.java:748)
]]>
            </full-stacktrace>
          </exception> <!-- java.lang.NullPointerException -->
          <reporter-output>
          </reporter-output>
        </test-method> <!-- TC01_validLogin -->
        <test-method status="PASS" signature="afterTest()[pri:0, instance:maintest.TestABC@6d1310f6]" name="afterTest" is-config="true" duration-ms="3" started-at="2022-01-25T10:19:07 ICT" finished-at="2022-01-25T10:19:07 ICT">
          <reporter-output>
          </reporter-output>
        </test-method> <!-- afterTest -->
      </class> <!-- maintest.TestABC -->
    </test> <!-- athenLoginPage -->
    <test name="athenLoginPage 2" duration-ms="18852" started-at="2022-01-25T10:19:05 ICT" finished-at="2022-01-25T10:19:24 ICT">
      <class name="maintest.TestXYZ">
        <test-method status="PASS" signature="beforeTest(java.lang.String,java.lang.String)[pri:0, instance:maintest.TestXYZ@5f577419]" name="beforeTest" is-config="true" duration-ms="79" started-at="2022-01-25T10:19:05 ICT" finished-at="2022-01-25T10:19:05 ICT">
          <params>
            <param index="0">
              <value>
                <![CDATA[9MU9X18B10W00570]]>
              </value>
            </param>
            <param index="1">
              <value>
                <![CDATA[8400]]>
              </value>
            </param>
          </params>
          <reporter-output>
          </reporter-output>
        </test-method> <!-- beforeTest -->
        <test-method status="PASS" signature="TC01_validLogin()[pri:0, instance:maintest.TestXYZ@5f577419]" name="TC01_validLogin" duration-ms="18350" started-at="2022-01-25T10:19:05 ICT" finished-at="2022-01-25T10:19:23 ICT">
          <reporter-output>
          </reporter-output>
        </test-method> <!-- TC01_validLogin -->
        <test-method status="PASS" signature="afterTest()[pri:0, instance:maintest.TestXYZ@5f577419]" name="afterTest" is-config="true" duration-ms="263" started-at="2022-01-25T10:19:23 ICT" finished-at="2022-01-25T10:19:24 ICT">
          <reporter-output>
          </reporter-output>
        </test-method> <!-- afterTest -->
      </class> <!-- maintest.TestXYZ -->
    </test> <!-- athenLoginPage 2 -->
  </suite> <!-- TestLogin -->
</testng-results>
