<?xml version="1.0" encoding="UTF-8"?>
<!-- Generated by org.testng.reporters.JUnitXMLReporter -->
<testsuite hostname="Air-cua-Le" ignored="0" name="athenLoginPage" tests="1" failures="0" timestamp="2022-01-23T12:49:39 ICT" time="18.791" errors="0">
  <testcase name="@AfterTest afterTest" time="0.105" classname="basetest.BaseTestV2">
    <failure type="org.openqa.selenium.NoSuchSessionException" message="A session is either terminated or not started
Build info: version: &amp;apos;3.141.59&amp;apos;, revision: &amp;apos;e82be7d358&amp;apos;, time: &amp;apos;2018-11-14T08:17:03&amp;apos;
System info: host: &amp;apos;Air-cua-Le&amp;apos;, ip: &amp;apos;2405:4803:c84c:7170:ffff:ffff:ffff:ffc6%en0&amp;apos;, os.name: &amp;apos;Mac OS X&amp;apos;, os.arch: &amp;apos;x86_64&amp;apos;, os.version: &amp;apos;10.16&amp;apos;, java.version: &amp;apos;1.8.0_311&amp;apos;
Driver info: io.appium.java_client.android.AndroidDriver
Capabilities {appActivity: .MainActivity, appPackage: com.wdiodemoapp, automationName: uiautomator2, databaseEnabled: false, desired: {appActivity: .MainActivity, appPackage: com.wdiodemoapp, automationName: uiautomator2, platformName: android, server:CONFIG_UUID: 0d05618b-c0b8-421e-ac1c-15a..., systemPort: 8300, udid: 3200bad15ec4b55f}, deviceApiLevel: 29, deviceManufacturer: samsung, deviceModel: SM-A750GN, deviceName: 3200bad15ec4b55f, deviceScreenDensity: 480, deviceScreenSize: 1080x2220, deviceUDID: 3200bad15ec4b55f, javascriptEnabled: true, locationContextEnabled: false, networkConnectionEnabled: true, pixelRatio: 3, platform: LINUX, platformName: android, platformVersion: 10, server:CONFIG_UUID: 0d05618b-c0b8-421e-ac1c-15a..., statBarHeight: 72, systemPort: 8300, takesScreenshot: true, udid: 3200bad15ec4b55f, viewportRect: {height: 2004, left: 0, top: 72, width: 1080}, warnings: {}, webStorageEnabled: false}
Session ID: d83ff17d-5abe-4a4e-9d03-45f5d22ab134">
      <![CDATA[org.openqa.selenium.NoSuchSessionException: A session is either terminated or not started
Build info: version: '3.141.59', revision: 'e82be7d358', time: '2018-11-14T08:17:03'
System info: host: 'Air-cua-Le', ip: '2405:4803:c84c:7170:ffff:ffff:ffff:ffc6%en0', os.name: 'Mac OS X', os.arch: 'x86_64', os.version: '10.16', java.version: '1.8.0_311'
Driver info: io.appium.java_client.android.AndroidDriver
Capabilities {appActivity: .MainActivity, appPackage: com.wdiodemoapp, automationName: uiautomator2, databaseEnabled: false, desired: {appActivity: .MainActivity, appPackage: com.wdiodemoapp, automationName: uiautomator2, platformName: android, server:CONFIG_UUID: 0d05618b-c0b8-421e-ac1c-15a..., systemPort: 8300, udid: 3200bad15ec4b55f}, deviceApiLevel: 29, deviceManufacturer: samsung, deviceModel: SM-A750GN, deviceName: 3200bad15ec4b55f, deviceScreenDensity: 480, deviceScreenSize: 1080x2220, deviceUDID: 3200bad15ec4b55f, javascriptEnabled: true, locationContextEnabled: false, networkConnectionEnabled: true, pixelRatio: 3, platform: LINUX, platformName: android, platformVersion: 10, server:CONFIG_UUID: 0d05618b-c0b8-421e-ac1c-15a..., statBarHeight: 72, systemPort: 8300, takesScreenshot: true, udid: 3200bad15ec4b55f, viewportRect: {height: 2004, left: 0, top: 72, width: 1080}, warnings: {}, webStorageEnabled: false}
Session ID: d83ff17d-5abe-4a4e-9d03-45f5d22ab134
at org.openqa.selenium.remote.http.W3CHttpResponseCodec.createException(W3CHttpResponseCodec.java:187)
at org.openqa.selenium.remote.http.W3CHttpResponseCodec.decode(W3CHttpResponseCodec.java:122)
at org.openqa.selenium.remote.http.W3CHttpResponseCodec.decode(W3CHttpResponseCodec.java:49)
at org.openqa.selenium.remote.HttpCommandExecutor.execute(HttpCommandExecutor.java:158)
at io.appium.java_client.remote.AppiumCommandExecutor.execute(AppiumCommandExecutor.java:250)
at org.openqa.selenium.remote.RemoteWebDriver.execute(RemoteWebDriver.java:552)
at io.appium.java_client.DefaultGenericMobileDriver.execute(DefaultGenericMobileDriver.java:45)
at io.appium.java_client.AppiumDriver.execute(AppiumDriver.java:1)
at io.appium.java_client.android.AndroidDriver.execute(AndroidDriver.java:1)
at org.openqa.selenium.remote.RemoteWebDriver.quit(RemoteWebDriver.java:452)
at driver.DriverFactotyV2.quitSession(DriverFactotyV2.java:47)
at basetest.BaseTestV2.afterTest(BaseTestV2.java:45)
at java.util.concurrent.FutureTask.run(FutureTask.java:266)
at java.util.concurrent.ThreadPoolExecutor.runWorker(ThreadPoolExecutor.java:1149)
at java.util.concurrent.ThreadPoolExecutor$Worker.run(ThreadPoolExecutor.java:624)
at java.lang.Thread.run(Thread.java:748)
... Removed 19 stack frames]]>
    </failure>
  </testcase> <!-- @AfterTest afterTest -->
  <testcase name="TC01_validLogin" time="18.416" classname="maintest.TestABC"/>
</testsuite> <!-- athenLoginPage -->
