<?xml version="1.0" encoding="UTF-8"?>
<!-- Generated by org.testng.reporters.JUnitXMLReporter -->
<testsuite hostname="Air-cua-Le" ignored="0" name="athenLoginPage 2" tests="1" failures="1" timestamp="2022-01-16T14:08:11 ICT" time="14.058" errors="0">
  <testcase name="@AfterTest afterTest" time="0.021" classname="basetest.BaseTestV2">
    <failure type="org.openqa.selenium.NoSuchSessionException" message="A session is either terminated or not started
Build info: version: &amp;apos;3.141.59&amp;apos;, revision: &amp;apos;e82be7d358&amp;apos;, time: &amp;apos;2018-11-14T08:17:03&amp;apos;
System info: host: &amp;apos;Air-cua-Le&amp;apos;, ip: &amp;apos;2405:4803:c84c:7170:ffff:ffff:ffff:ffe6%en0&amp;apos;, os.name: &amp;apos;Mac OS X&amp;apos;, os.arch: &amp;apos;x86_64&amp;apos;, os.version: &amp;apos;10.16&amp;apos;, java.version: &amp;apos;1.8.0_311&amp;apos;
Driver info: io.appium.java_client.android.AndroidDriver
Capabilities {appActivity: .MainActivity, appPackage: com.wdiodemoapp, automationName: uiautomator2, databaseEnabled: false, desired: {appActivity: .MainActivity, appPackage: com.wdiodemoapp, automationName: uiautomator2, platformName: android, systemPort: 8400, udid: 9MU9X18B10W00570}, deviceApiLevel: 26, deviceManufacturer: HUAWEI, deviceModel: ATU-L42, deviceName: 9MU9X18B10W00570, deviceScreenDensity: 320, deviceScreenSize: 720x1440, deviceUDID: 9MU9X18B10W00570, javascriptEnabled: true, locationContextEnabled: false, networkConnectionEnabled: true, pixelRatio: 2, platform: LINUX, platformName: android, platformVersion: 8.0.0, statBarHeight: 48, systemPort: 8400, takesScreenshot: true, udid: 9MU9X18B10W00570, viewportRect: {height: 1310, left: 0, top: 48, width: 720}, warnings: {}, webStorageEnabled: false}
Session ID: 3d898565-f857-4589-a862-d03f2221852b">
      <![CDATA[org.openqa.selenium.NoSuchSessionException: A session is either terminated or not started
Build info: version: '3.141.59', revision: 'e82be7d358', time: '2018-11-14T08:17:03'
System info: host: 'Air-cua-Le', ip: '2405:4803:c84c:7170:ffff:ffff:ffff:ffe6%en0', os.name: 'Mac OS X', os.arch: 'x86_64', os.version: '10.16', java.version: '1.8.0_311'
Driver info: io.appium.java_client.android.AndroidDriver
Capabilities {appActivity: .MainActivity, appPackage: com.wdiodemoapp, automationName: uiautomator2, databaseEnabled: false, desired: {appActivity: .MainActivity, appPackage: com.wdiodemoapp, automationName: uiautomator2, platformName: android, systemPort: 8400, udid: 9MU9X18B10W00570}, deviceApiLevel: 26, deviceManufacturer: HUAWEI, deviceModel: ATU-L42, deviceName: 9MU9X18B10W00570, deviceScreenDensity: 320, deviceScreenSize: 720x1440, deviceUDID: 9MU9X18B10W00570, javascriptEnabled: true, locationContextEnabled: false, networkConnectionEnabled: true, pixelRatio: 2, platform: LINUX, platformName: android, platformVersion: 8.0.0, statBarHeight: 48, systemPort: 8400, takesScreenshot: true, udid: 9MU9X18B10W00570, viewportRect: {height: 1310, left: 0, top: 48, width: 720}, warnings: {}, webStorageEnabled: false}
Session ID: 3d898565-f857-4589-a862-d03f2221852b
at org.openqa.selenium.remote.http.W3CHttpResponseCodec.createException(W3CHttpResponseCodec.java:187)
at org.openqa.selenium.remote.http.W3CHttpResponseCodec.decode(W3CHttpResponseCodec.java:122)
at org.openqa.selenium.remote.http.W3CHttpResponseCodec.decode(W3CHttpResponseCodec.java:49)
at org.openqa.selenium.remote.HttpCommandExecutor.execute(HttpCommandExecutor.java:158)
at io.appium.java_client.remote.AppiumCommandExecutor.execute(AppiumCommandExecutor.java:250)
at org.openqa.selenium.remote.RemoteWebDriver.execute(RemoteWebDriver.java:552)
at io.appium.java_client.DefaultGenericMobileDriver.execute(DefaultGenericMobileDriver.java:45)
at io.appium.java_client.AppiumDriver.execute(AppiumDriver.java:1)
at io.appium.java_client.android.AndroidDriver.execute(AndroidDriver.java:1)
at org.openqa.selenium.remote.RemoteWebDriver.quit(RemoteWebDriver.java:452)
at driver.DriverFactotyV2.quitSession(DriverFactotyV2.java:45)
at basetest.BaseTestV2.afterTest(BaseTestV2.java:45)
at java.util.concurrent.FutureTask.run(FutureTask.java:266)
at java.util.concurrent.ThreadPoolExecutor.runWorker(ThreadPoolExecutor.java:1149)
at java.util.concurrent.ThreadPoolExecutor$Worker.run(ThreadPoolExecutor.java:624)
at java.lang.Thread.run(Thread.java:748)
... Removed 19 stack frames]]>
    </failure>
  </testcase> <!-- @AfterTest afterTest -->
  <testcase name="TC01_validLogin" time="13.942" classname="maintest.TestABC">
    <failure type="org.openqa.selenium.NoSuchSessionException" message="A session is either terminated or not started
Build info: version: &amp;apos;3.141.59&amp;apos;, revision: &amp;apos;e82be7d358&amp;apos;, time: &amp;apos;2018-11-14T08:17:03&amp;apos;
System info: host: &amp;apos;Air-cua-Le&amp;apos;, ip: &amp;apos;2405:4803:c84c:7170:ffff:ffff:ffff:ffe6%en0&amp;apos;, os.name: &amp;apos;Mac OS X&amp;apos;, os.arch: &amp;apos;x86_64&amp;apos;, os.version: &amp;apos;10.16&amp;apos;, java.version: &amp;apos;1.8.0_311&amp;apos;
Driver info: io.appium.java_client.android.AndroidDriver
Capabilities {appActivity: .MainActivity, appPackage: com.wdiodemoapp, automationName: uiautomator2, databaseEnabled: false, desired: {appActivity: .MainActivity, appPackage: com.wdiodemoapp, automationName: uiautomator2, platformName: android, systemPort: 8400, udid: 9MU9X18B10W00570}, deviceApiLevel: 26, deviceManufacturer: HUAWEI, deviceModel: ATU-L42, deviceName: 9MU9X18B10W00570, deviceScreenDensity: 320, deviceScreenSize: 720x1440, deviceUDID: 9MU9X18B10W00570, javascriptEnabled: true, locationContextEnabled: false, networkConnectionEnabled: true, pixelRatio: 2, platform: LINUX, platformName: android, platformVersion: 8.0.0, statBarHeight: 48, systemPort: 8400, takesScreenshot: true, udid: 9MU9X18B10W00570, viewportRect: {height: 1310, left: 0, top: 48, width: 720}, warnings: {}, webStorageEnabled: false}
Session ID: 3d898565-f857-4589-a862-d03f2221852b
*** Element info: {Using=accessibility id, value=input-password}">
      <![CDATA[org.openqa.selenium.NoSuchSessionException: A session is either terminated or not started
Build info: version: '3.141.59', revision: 'e82be7d358', time: '2018-11-14T08:17:03'
System info: host: 'Air-cua-Le', ip: '2405:4803:c84c:7170:ffff:ffff:ffff:ffe6%en0', os.name: 'Mac OS X', os.arch: 'x86_64', os.version: '10.16', java.version: '1.8.0_311'
Driver info: io.appium.java_client.android.AndroidDriver
Capabilities {appActivity: .MainActivity, appPackage: com.wdiodemoapp, automationName: uiautomator2, databaseEnabled: false, desired: {appActivity: .MainActivity, appPackage: com.wdiodemoapp, automationName: uiautomator2, platformName: android, systemPort: 8400, udid: 9MU9X18B10W00570}, deviceApiLevel: 26, deviceManufacturer: HUAWEI, deviceModel: ATU-L42, deviceName: 9MU9X18B10W00570, deviceScreenDensity: 320, deviceScreenSize: 720x1440, deviceUDID: 9MU9X18B10W00570, javascriptEnabled: true, locationContextEnabled: false, networkConnectionEnabled: true, pixelRatio: 2, platform: LINUX, platformName: android, platformVersion: 8.0.0, statBarHeight: 48, systemPort: 8400, takesScreenshot: true, udid: 9MU9X18B10W00570, viewportRect: {height: 1310, left: 0, top: 48, width: 720}, warnings: {}, webStorageEnabled: false}
Session ID: 3d898565-f857-4589-a862-d03f2221852b
*** Element info: {Using=accessibility id, value=input-password}
at org.openqa.selenium.remote.http.W3CHttpResponseCodec.createException(W3CHttpResponseCodec.java:187)
at org.openqa.selenium.remote.http.W3CHttpResponseCodec.decode(W3CHttpResponseCodec.java:122)
at org.openqa.selenium.remote.http.W3CHttpResponseCodec.decode(W3CHttpResponseCodec.java:49)
at org.openqa.selenium.remote.HttpCommandExecutor.execute(HttpCommandExecutor.java:158)
at io.appium.java_client.remote.AppiumCommandExecutor.execute(AppiumCommandExecutor.java:250)
at org.openqa.selenium.remote.RemoteWebDriver.execute(RemoteWebDriver.java:552)
at io.appium.java_client.DefaultGenericMobileDriver.execute(DefaultGenericMobileDriver.java:41)
at io.appium.java_client.AppiumDriver.execute(AppiumDriver.java:1)
at io.appium.java_client.android.AndroidDriver.execute(AndroidDriver.java:1)
at org.openqa.selenium.remote.RemoteWebDriver.findElement(RemoteWebDriver.java:323)
at io.appium.java_client.DefaultGenericMobileDriver.findElement(DefaultGenericMobileDriver.java:61)
at io.appium.java_client.AppiumDriver.findElement(AppiumDriver.java:1)
at io.appium.java_client.android.AndroidDriver.findElement(AndroidDriver.java:1)
at io.appium.java_client.FindsByAccessibilityId.findElementByAccessibilityId(FindsByAccessibilityId.java:37)
at io.appium.java_client.MobileBy$ByAccessibilityId.findElement(MobileBy.java:284)
at org.openqa.selenium.remote.RemoteWebDriver.findElement(RemoteWebDriver.java:315)
at io.appium.java_client.DefaultGenericMobileDriver.findElement(DefaultGenericMobileDriver.java:57)
at io.appium.java_client.AppiumDriver.findElement(AppiumDriver.java:1)
at io.appium.java_client.android.AndroidDriver.findElement(AndroidDriver.java:1)
at models.pages.LoginPage.inputPassword(LoginPage.java:44)
at testflow.LoginFlow.login(LoginFlow.java:23)
at maintest.TestABC.TC01_validLogin(TestABC.java:28)
at java.util.ArrayList.forEach(ArrayList.java:1259)
at java.util.concurrent.FutureTask.run(FutureTask.java:266)
at java.util.concurrent.ThreadPoolExecutor.runWorker(ThreadPoolExecutor.java:1149)
at java.util.concurrent.ThreadPoolExecutor$Worker.run(ThreadPoolExecutor.java:624)
at java.lang.Thread.run(Thread.java:748)
... Removed 22 stack frames]]>
    </failure>
  </testcase> <!-- TC01_validLogin -->
</testsuite> <!-- athenLoginPage 2 -->
