<?xml version="1.0" encoding="UTF-8"?>
<!-- Generated by org.testng.reporters.JUnitXMLReporter -->
<testsuite hostname="MacBook-Air-cua-Le.local" ignored="0" name="athenLoginPage" tests="1" failures="1" timestamp="2022-01-25T10:19:07 ICT" time="2.448" errors="0">
  <testcase name="TC01_validLogin" time="2.083" classname="maintest.TestABC">
    <failure type="java.lang.NullPointerException">
      <![CDATA[java.lang.NullPointerException
at models.components.global.BottomNavComponent.clickLoginTab(BottomNavComponent.java:22)
at testflow.LoginFlow.login(LoginFlow.java:22)
at maintest.TestABC.TC01_validLogin(TestABC.java:28)
at java.util.ArrayList.forEach(ArrayList.java:1259)
at java.util.concurrent.FutureTask.run(FutureTask.java:266)
at java.util.concurrent.ThreadPoolExecutor.runWorker(ThreadPoolExecutor.java:1149)
at java.util.concurrent.ThreadPoolExecutor$Worker.run(ThreadPoolExecutor.java:624)
at java.lang.Thread.run(Thread.java:748)
... Removed 18 stack frames]]>
    </failure>
  </testcase> <!-- TC01_validLogin -->
</testsuite> <!-- athenLoginPage -->
